<?xml version="1.0" encoding="UTF-8"?>
<!-- Generated by org.testng.reporters.JUnitXMLReporter -->
<testsuite ignored="0" hostname="LAPTOP-F8D17K30" failures="0" tests="2" name="BankingApp Test" time="33.929" errors="0" timestamp="15 Jun 2022 00:25:45 GMT">
  <testcase classname="com.inetbanking.testCases.TC_LoginTest_001" name="loginTest" time="1.586"/>
  <testcase classname="com.inetbanking.testCases.TC_AddCustomerTest_003" name="addNewCustomer" time="17.942"/>
</testsuite> <!-- BankingApp Test -->
