<?xml version="1.0" encoding="UTF-8"?>
<testng-results ignored="0" total="2" passed="2" failed="0" skipped="0">
  <reporter-output>
  </reporter-output>
  <suite started-at="2022-06-15T00:25:11Z" name="InetBankingV1" finished-at="2022-06-15T00:25:45Z" duration-ms="33929">
    <groups>
    </groups>
    <test started-at="2022-06-15T00:25:11Z" name="BankingApp Test" finished-at="2022-06-15T00:25:45Z" duration-ms="33929">
      <class name="com.inetbanking.testCases.TC_LoginTest_001">
        <test-method is-config="true" signature="setup(java.lang.String)[pri:0, instance:com.inetbanking.testCases.TC_LoginTest_001@16e7dcfd]" started-at="2022-06-15T00:25:11Z" name="setup" finished-at="2022-06-15T00:25:18Z" duration-ms="7212" status="PASS">
          <params>
            <param index="0">
              <value>
                <![CDATA[chrome]]>
              </value>
            </param>
          </params>
          <reporter-output>
          </reporter-output>
        </test-method> <!-- setup -->
        <test-method signature="loginTest()[pri:0, instance:com.inetbanking.testCases.TC_LoginTest_001@16e7dcfd]" started-at="2022-06-15T00:25:18Z" name="loginTest" finished-at="2022-06-15T00:25:20Z" duration-ms="1586" status="PASS">
          <reporter-output>
          </reporter-output>
        </test-method> <!-- loginTest -->
        <test-method is-config="true" signature="tearDown()[pri:0, instance:com.inetbanking.testCases.TC_LoginTest_001@16e7dcfd]" started-at="2022-06-15T00:25:20Z" name="tearDown" finished-at="2022-06-15T00:25:20Z" duration-ms="223" status="PASS">
          <reporter-output>
          </reporter-output>
        </test-method> <!-- tearDown -->
      </class> <!-- com.inetbanking.testCases.TC_LoginTest_001 -->
      <class name="com.inetbanking.testCases.TC_AddCustomerTest_003">
        <test-method is-config="true" signature="setup(java.lang.String)[pri:0, instance:com.inetbanking.testCases.TC_AddCustomerTest_003@3d121db3]" started-at="2022-06-15T00:25:20Z" name="setup" finished-at="2022-06-15T00:25:27Z" duration-ms="6559" status="PASS">
          <params>
            <param index="0">
              <value>
                <![CDATA[chrome]]>
              </value>
            </param>
          </params>
          <reporter-output>
          </reporter-output>
        </test-method> <!-- setup -->
        <test-method signature="addNewCustomer()[pri:0, instance:com.inetbanking.testCases.TC_AddCustomerTest_003@3d121db3]" started-at="2022-06-15T00:25:27Z" name="addNewCustomer" finished-at="2022-06-15T00:25:45Z" duration-ms="17942" status="PASS">
          <reporter-output>
          </reporter-output>
        </test-method> <!-- addNewCustomer -->
        <test-method is-config="true" signature="tearDown()[pri:0, instance:com.inetbanking.testCases.TC_AddCustomerTest_003@3d121db3]" started-at="2022-06-15T00:25:45Z" name="tearDown" finished-at="2022-06-15T00:25:45Z" duration-ms="222" status="PASS">
          <reporter-output>
          </reporter-output>
        </test-method> <!-- tearDown -->
      </class> <!-- com.inetbanking.testCases.TC_AddCustomerTest_003 -->
    </test> <!-- BankingApp Test -->
  </suite> <!-- InetBankingV1 -->
</testng-results>
